SF:lib\models\collection.dart
DA:8,2
DA:16,3
DA:18,1
DA:19,1
DA:20,1
DA:21,1
DA:22,1
DA:23,1
DA:24,1
DA:28,2
DA:29,2
DA:30,2
DA:31,2
DA:32,2
DA:33,2
DA:34,4
DA:35,1
DA:36,2
DA:39,2
DA:41,2
DA:43,4
DA:44,2
LF:22
LH:22
end_of_record
SF:lib\repositories\product_repository.dart
DA:6,9
DA:10,3
DA:11,3
DA:14,3
DA:17,3
DA:18,3
DA:20,3
DA:21,3
DA:25,3
DA:28,6
DA:29,3
DA:30,3
DA:32,3
DA:33,6
DA:35,3
DA:36,3
DA:38,3
DA:40,0
DA:45,1
DA:46,1
DA:47,0
DA:49,1
DA:53,2
DA:54,2
DA:55,1
DA:59,10
DA:66,1
DA:67,1
DA:68,0
DA:71,1
DA:72,1
DA:75,1
DA:76,1
DA:78,2
DA:79,2
DA:80,2
DA:81,1
DA:82,1
DA:85,1
DA:93,2
DA:94,2
DA:95,0
DA:98,2
DA:100,4
DA:101,10
DA:103,1
DA:112,2
DA:114,2
LF:48
LH:44
end_of_record
SF:lib\models\product.dart
DA:11,4
DA:20,4
DA:23,4
DA:24,20
DA:25,1
DA:35,0
DA:37,0
DA:38,0
DA:44,0
DA:45,0
DA:46,0
DA:47,0
DA:52,0
DA:55,1
DA:56,1
DA:57,1
DA:58,1
DA:59,1
DA:60,1
DA:61,1
DA:62,1
DA:63,1
DA:64,1
DA:68,4
DA:70,4
DA:71,4
DA:72,4
DA:73,8
DA:74,8
DA:75,4
DA:76,4
DA:77,4
DA:78,8
DA:81,12
DA:84,4
DA:87,4
DA:88,4
DA:89,12
LF:38
LH:30
end_of_record
SF:lib\repositories\collection_repository.dart
DA:8,2
DA:9,1
DA:14,1
DA:15,1
DA:18,1
DA:19,2
DA:23,1
DA:24,1
DA:27,2
DA:28,1
DA:29,1
DA:33,1
DA:36,2
DA:37,1
DA:38,1
DA:40,1
DA:41,2
DA:44,1
DA:45,1
DA:47,1
DA:49,0
DA:54,1
DA:55,1
DA:56,0
DA:58,1
DA:62,1
DA:63,1
DA:64,0
DA:68,5
DA:75,1
DA:76,1
DA:77,0
DA:80,1
DA:82,1
DA:85,2
DA:89,1
DA:90,2
DA:94,1
DA:96,1
DA:97,0
DA:100,1
DA:102,1
DA:106,1
DA:107,1
DA:109,1
DA:110,0
DA:111,0
DA:112,0
DA:113,0
DA:116,0
DA:124,1
DA:125,1
DA:126,0
DA:129,1
DA:130,1
DA:133,1
DA:134,1
DA:136,2
DA:137,2
DA:138,2
DA:139,1
DA:140,1
DA:143,0
LF:63
LH:51
end_of_record
SF:lib\views\about_screen.dart
DA:6,1
DA:8,1
DA:10,1
DA:12,1
DA:13,1
DA:14,1
DA:22,1
LF:7
LH:7
end_of_record
SF:lib\views\common_widgets.dart
DA:11,1
DA:13,1
DA:15,1
DA:16,1
DA:30,0
DA:35,1
DA:36,1
DA:42,1
DA:44,1
DA:45,5
DA:48,1
DA:50,1
DA:51,1
DA:52,1
DA:54,2
DA:61,2
DA:66,1
DA:67,4
DA:69,1
DA:70,0
DA:71,0
DA:72,0
DA:74,1
DA:76,1
DA:77,1
DA:78,1
DA:81,0
DA:86,1
DA:88,1
DA:90,1
DA:91,1
DA:97,1
DA:98,1
DA:99,1
DA:100,1
DA:101,3
DA:105,1
DA:106,3
DA:112,1
DA:113,3
DA:130,1
DA:136,4
DA:138,4
DA:139,8
DA:140,8
DA:150,4
DA:157,4
DA:159,4
DA:160,8
DA:161,4
DA:162,4
DA:163,8
DA:172,0
DA:177,0
DA:178,0
DA:187,0
DA:189,0
DA:190,0
DA:193,0
DA:194,0
DA:195,0
DA:197,0
DA:201,0
DA:202,0
DA:203,0
DA:206,0
DA:207,0
DA:208,0
DA:210,0
DA:211,0
DA:212,0
DA:213,0
DA:215,0
DA:217,0
DA:218,0
DA:219,0
DA:220,0
DA:221,0
DA:228,0
DA:229,0
DA:230,0
DA:239,0
DA:240,0
DA:241,0
DA:243,0
DA:244,0
DA:249,0
DA:250,0
DA:253,0
DA:254,0
DA:255,0
DA:256,0
DA:257,0
DA:258,0
DA:260,0
DA:262,0
DA:267,0
DA:268,0
DA:274,0
DA:284,0
DA:287,0
DA:288,0
DA:289,0
DA:290,0
DA:291,0
DA:295,0
DA:297,0
DA:298,0
DA:299,0
DA:300,0
DA:301,0
DA:303,0
DA:306,0
DA:307,0
DA:317,0
DA:319,0
DA:320,0
DA:325,1
DA:327,4
DA:328,4
DA:334,0
DA:335,0
DA:338,0
DA:339,0
DA:342,0
DA:343,0
DA:346,0
DA:350,0
DA:351,0
DA:352,0
DA:356,4
DA:358,12
DA:363,4
DA:365,4
DA:367,4
DA:368,4
DA:370,4
DA:385,4
DA:387,4
DA:389,4
DA:390,4
DA:392,4
DA:393,0
DA:394,0
DA:396,4
DA:399,0
DA:405,4
DA:406,4
DA:408,0
DA:410,0
DA:411,0
DA:413,0
DA:416,0
DA:418,0
DA:419,0
DA:422,0
DA:423,0
DA:425,0
DA:430,0
DA:432,0
DA:436,0
DA:438,0
DA:441,0
DA:443,0
DA:451,4
DA:453,4
DA:455,4
DA:457,4
DA:459,4
DA:461,4
DA:465,4
DA:467,4
DA:474,4
DA:475,0
DA:477,0
DA:478,0
DA:480,0
DA:481,0
DA:483,0
DA:485,0
DA:488,0
DA:490,0
DA:491,0
DA:492,0
DA:493,0
DA:494,0
DA:496,0
DA:504,0
DA:505,0
DA:506,0
DA:511,0
DA:512,0
DA:514,0
DA:515,0
DA:516,0
DA:517,0
DA:518,0
DA:520,0
DA:522,0
DA:523,0
DA:526,0
DA:527,0
DA:533,0
DA:537,0
DA:539,0
DA:541,0
DA:548,0
DA:550,0
DA:552,0
DA:556,0
DA:558,0
DA:560,0
DA:563,0
DA:565,0
DA:567,0
DA:585,0
DA:593,0
DA:595,0
DA:596,0
DA:597,0
DA:599,0
DA:600,0
DA:601,0
DA:602,0
DA:603,0
DA:604,0
DA:619,4
DA:625,4
DA:627,4
DA:628,4
DA:629,4
DA:638,4
DA:644,1
DA:646,0
DA:650,4
DA:652,12
DA:653,4
DA:655,4
DA:657,4
DA:659,4
DA:660,4
DA:661,4
DA:663,0
DA:664,0
DA:665,0
DA:667,0
DA:669,0
DA:672,4
DA:674,4
DA:675,4
DA:676,4
DA:677,4
DA:687,4
DA:710,4
DA:711,4
DA:713,4
DA:715,4
DA:718,4
DA:720,4
DA:722,4
DA:724,4
DA:731,4
DA:732,4
DA:734,4
DA:736,4
DA:740,0
DA:742,0
DA:743,0
DA:748,0
DA:749,0
DA:750,0
DA:756,4
DA:757,4
DA:758,4
DA:759,4
DA:765,4
DA:766,4
DA:784,0
DA:791,0
DA:793,0
DA:794,0
DA:795,0
DA:796,0
DA:798,0
DA:799,0
DA:800,0
DA:802,0
DA:808,0
DA:809,0
DA:810,0
DA:814,0
DA:815,0
DA:816,0
LF:293
LH:113
end_of_record
SF:lib\views\login_screen.dart
DA:6,2
DA:8,1
DA:12,1
DA:14,1
DA:15,1
DA:16,1
DA:17,1
DA:18,1
DA:20,1
DA:22,1
DA:24,1
DA:27,1
DA:29,1
DA:31,1
DA:34,0
DA:60,1
DA:61,1
DA:62,1
DA:66,1
DA:67,1
DA:81,1
DA:82,1
DA:83,1
DA:84,1
DA:85,1
DA:89,1
DA:91,1
DA:93,1
DA:94,1
DA:99,1
DA:100,1
DA:101,1
DA:110,1
DA:111,1
DA:113,1
DA:114,1
DA:116,1
DA:117,1
DA:118,1
DA:119,1
DA:122,1
DA:123,1
DA:124,1
DA:125,1
DA:137,1
DA:138,1
DA:139,1
DA:140,1
DA:143,1
DA:144,1
LF:50
LH:49
end_of_record
SF:lib\main.dart
DA:11,0
DA:12,0
DA:16,2
DA:18,1
DA:20,1
DA:23,1
DA:24,1
DA:31,1
DA:32,0
DA:33,0
DA:34,0
DA:35,0
DA:36,0
DA:38,0
DA:39,0
DA:40,0
DA:41,0
DA:42,0
DA:45,0
DA:46,0
LF:20
LH:6
end_of_record
SF:lib\views\product_page.dart
DA:6,2
DA:8,1
DA:9,1
DA:13,0
DA:14,0
DA:17,0
DA:21,1
DA:23,1
DA:24,1
DA:25,1
DA:26,1
DA:30,1
DA:33,1
DA:35,1
DA:37,1
DA:40,1
DA:41,1
DA:42,1
DA:44,1
DA:45,1
DA:46,1
DA:49,1
DA:50,1
DA:51,1
LF:24
LH:21
end_of_record
SF:lib\views\home_screen.dart
DA:6,2
DA:8,0
DA:9,0
DA:12,0
DA:13,0
DA:16,0
DA:20,1
DA:22,1
DA:23,1
DA:24,1
DA:25,1
DA:29,1
DA:30,4
DA:32,1
DA:33,1
DA:35,1
DA:36,1
DA:39,1
DA:45,1
DA:46,1
DA:47,1
DA:48,1
DA:53,1
DA:57,1
DA:59,1
DA:71,1
DA:72,1
DA:73,1
DA:93,1
DA:95,1
DA:97,1
DA:98,1
DA:104,1
DA:108,4
LF:34
LH:29
end_of_record
SF:lib\views\print_about_screen.dart
DA:6,2
DA:8,1
DA:10,1
DA:12,1
DA:13,1
DA:14,1
DA:22,1
DA:25,1
DA:27,1
DA:28,1
DA:29,1
DA:32,0
LF:12
LH:11
end_of_record
SF:lib\views\collections_screen.dart
DA:8,2
DA:10,0
DA:11,0
DA:17,0
DA:19,0
DA:20,0
DA:23,0
DA:25,0
DA:26,0
DA:27,0
DA:28,0
DA:40,0
DA:41,0
DA:42,0
DA:44,0
DA:52,0
DA:53,0
DA:54,0
DA:64,0
DA:65,0
DA:69,0
DA:73,0
DA:78,0
DA:79,0
DA:80,0
DA:81,0
DA:83,0
DA:85,0
DA:86,0
DA:87,0
DA:88,0
DA:89,0
DA:91,0
DA:96,0
LF:34
LH:1
end_of_record
SF:lib\views\collection_view_screen.dart
DA:11,0
DA:17,0
DA:18,0
DA:24,0
DA:26,0
DA:28,0
DA:31,0
DA:33,0
DA:34,0
DA:35,0
DA:36,0
DA:40,0
DA:44,0
DA:45,0
DA:46,0
DA:47,0
DA:51,0
DA:52,0
DA:60,0
DA:77,0
DA:78,0
DA:79,0
DA:81,0
DA:89,0
DA:90,0
DA:91,0
DA:101,0
DA:102,0
DA:106,0
DA:110,0
DA:115,0
DA:116,0
LF:32
LH:0
end_of_record
