SF:lib\models\collection.dart
DA:8,4
DA:16,3
DA:18,1
DA:19,1
DA:20,1
DA:21,1
DA:22,1
DA:23,1
DA:24,1
DA:28,4
DA:29,4
DA:30,4
DA:31,4
DA:32,4
DA:33,4
DA:34,8
DA:35,1
DA:36,4
DA:39,4
DA:41,4
DA:43,8
DA:44,4
LF:22
LH:22
end_of_record
SF:lib\repositories\product_repository.dart
DA:6,18
DA:10,6
DA:11,6
DA:14,6
DA:17,6
DA:18,6
DA:20,6
DA:21,6
DA:25,6
DA:28,12
DA:29,6
DA:30,6
DA:32,6
DA:33,12
DA:35,6
DA:36,6
DA:38,6
DA:40,0
DA:45,2
DA:46,2
DA:47,1
DA:49,2
DA:53,4
DA:54,4
DA:55,2
DA:59,20
DA:66,1
DA:67,1
DA:68,0
DA:71,1
DA:72,1
DA:75,1
DA:76,1
DA:78,2
DA:79,2
DA:80,2
DA:81,1
DA:82,1
DA:85,1
DA:93,2
DA:94,2
DA:95,0
DA:98,2
DA:100,4
DA:101,10
DA:103,1
DA:112,2
DA:114,2
LF:48
LH:45
end_of_record
SF:lib\models\product.dart
DA:11,7
DA:20,7
DA:23,7
DA:24,35
DA:25,1
DA:35,0
DA:37,0
DA:38,0
DA:44,0
DA:45,0
DA:46,0
DA:47,0
DA:52,0
DA:55,1
DA:56,1
DA:57,1
DA:58,1
DA:59,1
DA:60,1
DA:61,1
DA:62,1
DA:63,1
DA:64,1
DA:68,7
DA:70,7
DA:71,7
DA:72,7
DA:73,14
DA:74,14
DA:75,7
DA:76,7
DA:77,7
DA:78,14
DA:81,21
DA:84,7
DA:87,7
DA:88,7
DA:89,21
LF:38
LH:30
end_of_record
SF:lib\repositories\collection_repository.dart
DA:8,6
DA:9,3
DA:14,3
DA:15,3
DA:18,3
DA:19,6
DA:23,3
DA:24,3
DA:27,6
DA:28,3
DA:29,3
DA:33,3
DA:36,6
DA:37,3
DA:38,3
DA:40,3
DA:41,6
DA:44,3
DA:45,3
DA:47,3
DA:49,0
DA:54,3
DA:55,3
DA:56,2
DA:58,3
DA:62,1
DA:63,1
DA:64,0
DA:68,5
DA:75,1
DA:76,1
DA:77,0
DA:80,1
DA:82,1
DA:85,2
DA:89,1
DA:90,2
DA:94,1
DA:96,1
DA:97,0
DA:100,1
DA:102,1
DA:106,1
DA:107,1
DA:109,1
DA:110,0
DA:111,0
DA:112,0
DA:113,0
DA:116,0
DA:124,1
DA:125,1
DA:126,0
DA:129,1
DA:130,1
DA:133,1
DA:134,1
DA:136,2
DA:137,2
DA:138,2
DA:139,1
DA:140,1
DA:143,0
LF:63
LH:52
end_of_record
SF:lib\views\about_screen.dart
DA:6,1
DA:8,1
DA:10,1
DA:12,1
DA:13,1
DA:14,1
DA:22,1
LF:7
LH:7
end_of_record
SF:lib\views\common_widgets.dart
DA:11,1
DA:13,3
DA:15,3
DA:16,3
DA:30,1
DA:35,3
DA:36,3
DA:42,3
DA:44,3
DA:45,15
DA:48,3
DA:50,3
DA:51,3
DA:52,3
DA:54,6
DA:61,6
DA:66,2
DA:67,8
DA:69,2
DA:70,0
DA:71,0
DA:72,0
DA:74,2
DA:76,2
DA:77,2
DA:78,2
DA:81,0
DA:86,2
DA:88,2
DA:90,2
DA:91,2
DA:97,2
DA:98,2
DA:99,2
DA:100,2
DA:101,6
DA:105,2
DA:106,6
DA:112,2
DA:113,6
DA:130,1
DA:136,7
DA:138,7
DA:139,14
DA:140,14
DA:150,7
DA:157,7
DA:159,7
DA:160,14
DA:161,7
DA:162,7
DA:163,14
DA:172,1
DA:177,1
DA:178,1
DA:187,1
DA:189,1
DA:190,3
DA:193,1
DA:194,1
DA:195,0
DA:197,1
DA:201,1
DA:202,2
DA:203,1
DA:206,2
DA:207,1
DA:208,1
DA:210,2
DA:211,2
DA:212,1
DA:213,4
DA:215,1
DA:217,1
DA:218,1
DA:219,1
DA:220,1
DA:221,2
DA:228,1
DA:229,1
DA:230,2
DA:239,1
DA:240,1
DA:241,1
DA:243,2
DA:244,1
DA:249,1
DA:250,1
DA:253,1
DA:254,2
DA:255,0
DA:256,0
DA:257,0
DA:258,0
DA:260,0
DA:262,1
DA:267,1
DA:268,1
DA:274,1
DA:284,4
DA:287,0
DA:288,0
DA:289,0
DA:290,0
DA:291,0
DA:295,1
DA:297,1
DA:298,1
DA:299,1
DA:300,1
DA:301,1
DA:303,1
DA:306,1
DA:307,1
DA:317,1
DA:319,2
DA:320,1
DA:325,1
DA:327,7
DA:328,7
DA:334,1
DA:335,2
DA:338,0
DA:339,0
DA:342,0
DA:343,0
DA:346,0
DA:350,0
DA:351,0
DA:352,0
DA:356,7
DA:358,21
DA:363,7
DA:365,7
DA:367,7
DA:368,7
DA:370,7
DA:385,7
DA:387,7
DA:389,7
DA:390,7
DA:392,7
DA:393,1
DA:394,1
DA:396,7
DA:399,0
DA:405,7
DA:406,7
DA:408,0
DA:410,0
DA:411,0
DA:413,0
DA:416,0
DA:418,0
DA:419,0
DA:422,0
DA:423,0
DA:425,0
DA:430,0
DA:432,0
DA:436,0
DA:438,0
DA:441,0
DA:443,0
DA:451,7
DA:453,7
DA:455,7
DA:457,7
DA:459,7
DA:461,7
DA:465,7
DA:467,7
DA:474,7
DA:475,0
DA:477,0
DA:478,0
DA:480,0
DA:481,0
DA:483,0
DA:485,0
DA:488,0
DA:490,0
DA:491,0
DA:492,0
DA:493,0
DA:494,0
DA:496,0
DA:504,0
DA:505,0
DA:506,0
DA:511,0
DA:512,0
DA:514,0
DA:515,0
DA:516,0
DA:517,0
DA:518,0
DA:520,0
DA:522,0
DA:523,0
DA:526,0
DA:527,0
DA:533,0
DA:537,0
DA:539,0
DA:541,0
DA:548,0
DA:550,0
DA:552,0
DA:556,0
DA:558,0
DA:560,0
DA:563,0
DA:565,0
DA:567,0
DA:585,1
DA:593,1
DA:595,1
DA:596,1
DA:597,1
DA:599,1
DA:600,2
DA:601,2
DA:602,2
DA:603,1
DA:604,1
DA:619,7
DA:625,7
DA:627,7
DA:628,7
DA:629,7
DA:638,7
DA:644,1
DA:646,0
DA:650,7
DA:652,21
DA:653,7
DA:655,7
DA:657,7
DA:659,7
DA:660,7
DA:661,7
DA:663,3
DA:664,3
DA:665,3
DA:667,3
DA:669,3
DA:672,7
DA:674,7
DA:675,7
DA:676,7
DA:677,7
DA:687,7
DA:710,7
DA:711,7
DA:713,7
DA:715,7
DA:718,7
DA:720,7
DA:722,7
DA:724,7
DA:731,7
DA:732,7
DA:734,7
DA:736,7
DA:740,3
DA:742,3
DA:743,3
DA:748,3
DA:749,3
DA:750,3
DA:756,7
DA:757,7
DA:758,7
DA:759,7
DA:765,7
DA:766,7
DA:784,2
DA:791,2
DA:793,2
DA:794,2
DA:795,2
DA:796,2
DA:798,2
DA:799,2
DA:800,2
DA:802,1
DA:808,2
DA:809,2
DA:810,2
DA:814,2
DA:815,2
DA:816,2
LF:293
LH:210
end_of_record
SF:lib\views\collections_screen.dart
DA:8,1
DA:10,1
DA:11,1
DA:17,1
DA:19,1
DA:20,3
DA:23,1
DA:25,1
DA:26,1
DA:27,1
DA:28,1
DA:40,1
DA:41,1
DA:42,1
DA:44,2
DA:52,1
DA:53,1
DA:54,2
DA:64,1
DA:65,1
DA:69,1
DA:73,4
DA:78,1
DA:79,2
DA:80,1
DA:81,1
DA:83,1
DA:85,2
DA:86,1
DA:87,1
DA:88,1
DA:89,1
DA:91,1
DA:96,1
LF:34
LH:34
end_of_record
SF:lib\views\collection_view_screen.dart
DA:11,1
DA:17,1
DA:18,1
DA:24,1
DA:26,1
DA:28,3
DA:31,1
DA:33,1
DA:34,1
DA:35,1
DA:36,1
DA:40,1
DA:44,1
DA:45,1
DA:46,1
DA:47,3
DA:51,1
DA:52,4
DA:60,1
DA:77,1
DA:78,1
DA:79,1
DA:81,2
DA:89,1
DA:90,1
DA:91,2
DA:101,1
DA:102,1
DA:106,1
DA:110,4
DA:115,4
DA:116,1
LF:32
LH:32
end_of_record
SF:lib\main.dart
DA:11,0
DA:12,0
DA:16,2
DA:18,1
DA:20,1
DA:23,1
DA:24,1
DA:31,1
DA:32,0
DA:33,0
DA:34,0
DA:35,0
DA:36,0
DA:38,0
DA:39,0
DA:40,0
DA:41,0
DA:42,0
DA:45,0
DA:46,0
LF:20
LH:6
end_of_record
SF:lib\views\product_page.dart
DA:6,2
DA:8,1
DA:9,1
DA:13,0
DA:14,0
DA:17,0
DA:21,1
DA:23,1
DA:24,1
DA:25,1
DA:26,1
DA:30,1
DA:33,1
DA:35,1
DA:37,1
DA:40,1
DA:41,1
DA:42,1
DA:44,1
DA:45,1
DA:46,1
DA:49,1
DA:50,1
DA:51,1
LF:24
LH:21
end_of_record
SF:lib\views\home_screen.dart
DA:6,2
DA:8,0
DA:9,0
DA:12,0
DA:13,0
DA:16,0
DA:20,1
DA:22,1
DA:23,1
DA:24,1
DA:25,1
DA:29,1
DA:30,4
DA:32,1
DA:33,1
DA:35,1
DA:36,1
DA:39,1
DA:45,1
DA:46,1
DA:47,1
DA:48,1
DA:53,1
DA:57,1
DA:59,1
DA:71,1
DA:72,1
DA:73,1
DA:93,1
DA:95,1
DA:97,1
DA:98,1
DA:104,1
DA:108,4
LF:34
LH:29
end_of_record
SF:lib\views\login_screen.dart
DA:6,2
DA:8,1
DA:12,1
DA:14,1
DA:15,1
DA:16,1
DA:17,1
DA:18,1
DA:20,1
DA:22,1
DA:24,1
DA:27,1
DA:29,1
DA:31,1
DA:34,0
DA:60,1
DA:61,1
DA:62,1
DA:66,1
DA:67,1
DA:81,1
DA:82,1
DA:83,1
DA:84,1
DA:85,1
DA:89,1
DA:91,1
DA:93,1
DA:94,1
DA:99,1
DA:100,1
DA:101,1
DA:110,1
DA:111,1
DA:113,1
DA:114,1
DA:116,1
DA:117,1
DA:118,1
DA:119,1
DA:122,1
DA:123,1
DA:124,1
DA:125,1
DA:137,1
DA:138,1
DA:139,1
DA:140,1
DA:143,1
DA:144,1
LF:50
LH:49
end_of_record
SF:lib\views\print_about_screen.dart
DA:6,2
DA:8,1
DA:10,1
DA:12,1
DA:13,1
DA:14,1
DA:22,1
DA:25,1
DA:27,1
DA:28,1
DA:29,1
DA:32,0
LF:12
LH:11
end_of_record
